-- This file is used to test the feature that there are multiple remote postgres servers.
-- ===================================================================
-- create FDW objects
-- ===================================================================
SET timezone = 'PST8PDT';
SET optimizer_trace_fallback = on;
SET optimizer = off;
-- If gp_enable_minmax_optimization is on, it won't generate aggregate functions pushdown plan.
SET gp_enable_minmax_optimization = off;
-- Clean
-- start_ignore
DROP EXTENSION IF EXISTS postgres_fdw CASCADE;
-- end_ignore
CREATE EXTENSION postgres_fdw;
CREATE SERVER pgserver FOREIGN DATA WRAPPER postgres_fdw
  OPTIONS (dbname 'contrib_regression', multi_hosts 'localhost localhost',
           multi_ports '5432 5555', num_segments '2', mpp_execute 'multi servers');
CREATE USER MAPPING FOR CURRENT_USER SERVER pgserver;
-- ===================================================================
-- create objects used through FDW pgserver server
-- ===================================================================
-- remote postgres server 1 -- listening port 5432
\! env PGOPTIONS='' psql -p 5432 contrib_regression -f sql/postgres_sql/mpp_gp2pg_postgres_init_1.sql
SET
CREATE SCHEMA
CREATE TABLE
ALTER TABLE
INSERT 0 5
ANALYZE
-- remote postgres server 2 -- listening port 5555
\! env PGOPTIONS='' psql -p 5555 contrib_regression -f sql/postgres_sql/mpp_gp2pg_postgres_init_2.sql
SET
CREATE SCHEMA
CREATE TABLE
ALTER TABLE
INSERT 0 5
ANALYZE
-- ===================================================================
-- create foreign tables
-- ===================================================================
CREATE FOREIGN TABLE mpp_ft1 (
	c1 int,
	c2 int
) SERVER pgserver OPTIONS (schema_name 'MPP_S 1', table_name 'T 1');
-- ===================================================================
-- tests for validator
-- ===================================================================
CREATE SERVER testserver FOREIGN DATA WRAPPER postgres_fdw
  OPTIONS (dbname 'contrib_regression', multi_hosts 'localhost localhost',
           multi_ports '5432 5432', num_segments '2', mpp_execute 'all segments');
ERROR:  If mpp_execute != "multi servers", multi_hosts and multi_ports are invalid options.
CREATE SERVER testserver FOREIGN DATA WRAPPER postgres_fdw
  OPTIONS (dbname 'contrib_regression', multi_hosts 'localhost localhost',
           multi_ports '5432', num_segments '2', mpp_execute 'multi servers');
ERROR:  server option num_segments, multi_hosts and multi_ports don't match.
CREATE SERVER testserver FOREIGN DATA WRAPPER postgres_fdw
  OPTIONS (dbname 'contrib_regression', multi_hosts 'localhost localhost',
           multi_ports '5432 5432', num_segments '1', mpp_execute 'multi servers');
ERROR:  server option num_segments, multi_hosts and multi_ports don't match.
CREATE FOREIGN TABLE mpp_test (
	c1 int,
	c2 int
) SERVER pgserver OPTIONS (mpp_execute 'multi servers');
ERROR:  Only when CREATE SERVER, mpp_execute can be set to "multi servers"  (seg0 127.0.0.1:7002 pid=22566)
-- ===================================================================
-- Simple queries
-- ===================================================================
EXPLAIN VERBOSE SELECT * FROM mpp_ft1 ORDER BY c1;
                                      QUERY PLAN                                      
--------------------------------------------------------------------------------------
 Gather Motion 2:1  (slice1; segments: 2)  (cost=100.00..5558.20 rows=172200 width=8)
   Output: c1, c2
   Merge Key: c1
   ->  Foreign Scan on public.mpp_ft1  (cost=100.00..2975.20 rows=86100 width=8)
         Output: c1, c2
         Remote SQL: SELECT c1, c2 FROM "MPP_S 1"."T 1" ORDER BY c1 ASC NULLS LAST
 Optimizer: Postgres query optimizer
 Settings: gp_enable_minmax_optimization = 'off', optimizer = 'off'
(8 rows)

SELECT * FROM mpp_ft1 ORDER BY c1;
 c1 | c2 
----+----
  1 |  1
  2 |  0
  3 |  1
  4 |  0
  5 |  1
  6 |  0
  7 |  1
  8 |  0
  9 |  1
 10 |  0
(10 rows)

ALTER FOREIGN TABLE mpp_ft1 OPTIONS (add use_remote_estimate 'true');
EXPLAIN VERBOSE SELECT * FROM mpp_ft1 ORDER BY c1;
                                    QUERY PLAN                                     
-----------------------------------------------------------------------------------
 Gather Motion 2:1  (slice1; segments: 2)  (cost=102.22..102.74 rows=20 width=8)
   Output: c1, c2
   Merge Key: c1
   ->  Foreign Scan on public.mpp_ft1  (cost=102.22..102.44 rows=10 width=8)
         Output: c1, c2
         Remote SQL: SELECT c1, c2 FROM "MPP_S 1"."T 1" ORDER BY c1 ASC NULLS LAST
 Optimizer: Postgres query optimizer
 Settings: gp_enable_minmax_optimization = 'off', optimizer = 'off'
(8 rows)

SELECT * FROM mpp_ft1 ORDER BY c1;
 c1 | c2 
----+----
  1 |  1
  2 |  0
  3 |  1
  4 |  0
  5 |  1
  6 |  0
  7 |  1
  8 |  0
  9 |  1
 10 |  0
(10 rows)

ALTER FOREIGN TABLE mpp_ft1 OPTIONS (drop use_remote_estimate);
-- ===================================================================
-- When mpp_execute = 'multi servers', we don't support IMPORT FOREIGN SCHEMA
-- ===================================================================
CREATE SCHEMA mpp_import_dest;
IMPORT FOREIGN SCHEMA import_source FROM SERVER pgserver INTO mpp_import_dest;
ERROR:  If mpp_execute = "multi servers", it doesn't support import foreign schema
